voiceControl_UI/proguard/seeds.txt
com.dyn.voicecontrol.MyApplication
com.dyn.voicecontrol.MyApplication: MyApplication()
com.dyn.voicecontrol.R$anim
com.dyn.voicecontrol.R$anim: int activity_down
com.dyn.voicecontrol.R$anim: int activity_up
com.dyn.voicecontrol.R$anim: int autoloading
com.dyn.voicecontrol.R$anim: int down
com.dyn.voicecontrol.R$anim: int rotate
com.dyn.voicecontrol.R$anim: int text_animation
com.dyn.voicecontrol.R$anim: int upward
com.dyn.voicecontrol.R$anim: R$anim()
com.dyn.voicecontrol.R$array
com.dyn.voicecontrol.R$array: int language_entries
com.dyn.voicecontrol.R$array: int language_values
com.dyn.voicecontrol.R$array: int searchTop
com.dyn.voicecontrol.R$array: int voicer_cloud_entries
com.dyn.voicecontrol.R$array: int voicer_cloud_values
com.dyn.voicecontrol.R$array: int weather_errorCode
com.dyn.voicecontrol.R$array: R$array()
com.dyn.voicecontrol.R$attr
com.dyn.voicecontrol.R$attr: int border_color
com.dyn.voicecontrol.R$attr: int border_width
com.dyn.voicecontrol.R$attr: int dividerWidth
com.dyn.voicecontrol.R$attr: R$attr()
com.dyn.voicecontrol.R$color
com.dyn.voicecontrol.R$color: int activitytransparent
com.dyn.voicecontrol.R$color: int bg_gray
com.dyn.voicecontrol.R$color: int blue
com.dyn.voicecontrol.R$color: int contents_text
com.dyn.voicecontrol.R$color: int encode_view
com.dyn.voicecontrol.R$color: int font_deep_gray
com.dyn.voicecontrol.R$color: int font_gray
com.dyn.voicecontrol.R$color: int gray
com.dyn.voicecontrol.R$color: int green
com.dyn.voicecontrol.R$color: int lightgreen
com.dyn.voicecontrol.R$color: int orange
com.dyn.voicecontrol.R$color: int possible_result_points
com.dyn.voicecontrol.R$color: int red
com.dyn.voicecontrol.R$color: int result_minor_text
com.dyn.voicecontrol.R$color: int result_points
com.dyn.voicecontrol.R$color: int result_text
com.dyn.voicecontrol.R$color: int result_view
com.dyn.voicecontrol.R$color: int status_text
com.dyn.voicecontrol.R$color: int transparent
com.dyn.voicecontrol.R$color: int viewfinder_laser
com.dyn.voicecontrol.R$color: int viewfinder_mask
com.dyn.voicecontrol.R$color: int white
com.dyn.voicecontrol.R$color: R$color()
com.dyn.voicecontrol.R$dimen
com.dyn.voicecontrol.R$dimen: int activity_horizontal_margin
com.dyn.voicecontrol.R$dimen: int activity_vertical_margin
com.dyn.voicecontrol.R$dimen: int goods_detail_params
com.dyn.voicecontrol.R$dimen: int imagebtn_back_left
com.dyn.voicecontrol.R$dimen: int text_title
com.dyn.voicecontrol.R$dimen: int user_center_text_size
com.dyn.voicecontrol.R$dimen: int user_layout_margin
com.dyn.voicecontrol.R$dimen: R$dimen()
...
com.tencent.map.b.g$b
com.tencent.map.b.g$b: java.util.List a
com.tencent.map.b.g$b: g$b(com.tencent.map.b.g,java.util.List,long,int)
com.tencent.map.b.g$b: java.util.List a()
com.tencent.map.b.g$b: java.lang.Object clone()
com.tencent.map.b.g$c
com.tencent.map.b.g$c: void a(com.tencent.map.b.g$b)
com.tencent.map.b.g$c: void b(int)
com.tencent.map.b.h
com.tencent.map.b.h: boolean a
com.tencent.map.b.h: void a(java.lang.String)
com.tencent.map.b.h: void <clinit>()
com.tencent.map.b.i
com.tencent.map.b.i: java.lang.String a
com.tencent.map.b.i: int[] b
com.tencent.map.b.i: boolean a(java.lang.String)
com.tencent.map.b.i: boolean b(java.lang.String)
com.tencent.map.b.i: double a(double,int)
com.tencent.map.b.i: int a(char)
com.tencent.map.b.i: java.lang.String a(java.lang.String,java.lang.String,java.lang.String,java.lang.String,boolean)
com.tencent.map.b.i: java.lang.String a(com.tencent.map.b.e$b)
com.tencent.map.b.i: boolean a(int,int,int,int,int)
com.tencent.map.b.i: java.lang.String a(com.tencent.map.b.d$b,java.util.List)
com.tencent.map.b.i: java.lang.String a(int,int,int,int,int,int,int)
com.tencent.map.b.i: java.lang.String a(com.tencent.map.b.g$b)
com.tencent.map.b.i: boolean c(java.lang.String)
com.tencent.map.b.i: void <clinit>()
com.tencent.map.b.j
com.tencent.map.b.j: java.lang.String a(java.lang.String)
com.tencent.map.b.j: byte[] a(byte[])
com.tencent.map.b.j: byte[] b(byte[])
com.tencent.map.b.k
com.tencent.map.b.k: int a
com.tencent.map.b.k: int b
com.tencent.map.b.k: int c
com.tencent.map.b.k: int d
com.tencent.map.b.k: int e
com.tencent.map.b.k: int f
com.tencent.map.b.k: java.util.ArrayList g
com.tencent.map.b.k: long h
com.tencent.map.b.k: long i
com.tencent.map.b.k: long j
com.tencent.map.b.k: long k
com.tencent.map.b.k: long l
com.tencent.map.b.k: long m
com.tencent.map.b.k: long n
com.tencent.map.b.k: long o
com.tencent.map.b.k: long p
com.tencent.map.b.k: long q
com.tencent.map.b.k: int r
com.tencent.map.b.k: int s
com.tencent.map.b.k: int t
com.tencent.map.b.k: int u
com.tencent.map.b.k: void <clinit>()
com.tencent.map.b.k: int a()
com.tencent.map.b.k: int b()
com.tencent.map.b.k: void a(boolean)
com.tencent.map.b.k: void a(java.net.HttpURLConnection)
com.tencent.map.b.k: void c()
com.tencent.map.b.k: void d()
com.tencent.map.b.k: void a(int)
com.tencent.map.b.k: com.tencent.map.b.k$a a(long)
com.tencent.map.b.k: com.tencent.map.b.k$a b(long)
com.tencent.map.b.k: com.tencent.map.b.k$a c(long)
com.tencent.map.b.k$a
com.tencent.map.b.k$a: long a
com.tencent.map.b.k$a: long b
com.tencent.map.b.k$a: long c
com.tencent.map.b.k$a: long d
com.tencent.map.b.k$a: int e
com.tencent.map.b.k$a: long f
com.tencent.map.b.k$a: int g
com.tencent.map.b.k$a: int h
com.tencent.map.b.k$a: k$a()
com.tencent.map.b.l
com.tencent.map.b.l: android.content.Context a
com.tencent.map.b.l: com.tencent.map.b.l b
com.tencent.map.b.l: com.tencent.map.b.l a()
com.tencent.map.b.l: l()
com.tencent.map.b.l: void a(android.content.Context)
com.tencent.map.b.l: android.content.Context b()
com.tencent.map.b.l: boolean c()
com.tencent.map.b.l: boolean d()
com.tencent.map.b.m
com.tencent.map.b.m: int a
com.tencent.map.b.m: com.tencent.map.b.m b
com.tencent.map.b.m: com.tencent.map.b.m a()
com.tencent.map.b.m: m()
com.tencent.map.b.n
com.tencent.map.b.n: byte[] a
com.tencent.map.b.n: java.lang.String b
com.tencent.map.b.n: n()
com.tencent.map.b.n: java.lang.String toString()
com.tencent.map.b.o
com.tencent.map.b.o: o()
com.tencent.map.b.p
com.tencent.map.b.p: p()
com.tencent.map.b.p: p(java.lang.String)