voiceControl_UI/proguard/mapping.txt
com.dyn.voicecontrol.MyApplication -> com.dyn.voicecontrol.MyApplication:
    android.os.Handler mHandler -> a
    void onCreate() -> onCreate
    android.os.Handler access$0(com.dyn.voicecontrol.MyApplication) -> a
com.dyn.voicecontrol.MyApplication$1 -> com.dyn.voicecontrol.a:
    com.dyn.voicecontrol.MyApplication this$0 -> a
    java.lang.String val$path -> b
    java.io.InputStream val$inputstream_copy -> c
    void run() -> run
com.dyn.voicecontrol.R -> com.dyn.voicecontrol.R:
com.dyn.voicecontrol.R$anim -> com.dyn.voicecontrol.R$anim:
    int activity_down -> activity_down
    int activity_up -> activity_up
    int autoloading -> autoloading
    int down -> down
    int rotate -> rotate
    int text_animation -> text_animation
    int upward -> upward
com.dyn.voicecontrol.R$array -> com.dyn.voicecontrol.R$array:
    int language_entries -> language_entries
    int language_values -> language_values
    int searchTop -> searchTop
    int voicer_cloud_entries -> voicer_cloud_entries
    int voicer_cloud_values -> voicer_cloud_values
    int weather_errorCode -> weather_errorCode
com.dyn.voicecontrol.R$attr -> com.dyn.voicecontrol.R$attr:
    int border_color -> border_color
    int border_width -> border_width
    int dividerWidth -> dividerWidth
com.dyn.voicecontrol.R$color -> com.dyn.voicecontrol.R$color:
    int activitytransparent -> activitytransparent
    int bg_gray -> bg_gray
    int blue -> blue
    int contents_text -> contents_text
    int encode_view -> encode_view
    int font_deep_gray -> font_deep_gray
    int font_gray -> font_gray
    int gray -> gray
    int green -> green
    int lightgreen -> lightgreen
    int orange -> orange
    int possible_result_points -> possible_result_points
    int red -> red
    int result_minor_text -> result_minor_text
    int result_points -> result_points
    int result_text -> result_text
    int result_view -> result_view
    int status_text -> status_text
    int transparent -> transparent
    int viewfinder_laser -> viewfinder_laser
    int viewfinder_mask -> viewfinder_mask
    int white -> white
com.dyn.voicecontrol.R$dimen -> com.dyn.voicecontrol.R$dimen:
    int activity_horizontal_margin -> activity_horizontal_margin
    int activity_vertical_margin -> activity_vertical_margin
    int goods_detail_params -> goods_detail_params
    int imagebtn_back_left -> imagebtn_back_left
    int text_title -> text_title
    int user_center_text_size -> user_center_text_size
    int user_layout_margin -> user_layout_margin
...
com.baidu.location.b.j -> com.baidu.location.b.j:
    java.lang.String if(android.content.Context) -> if
    java.lang.String a(android.content.Context) -> a
    java.lang.String a(android.content.Context,java.lang.String) -> a
    java.lang.String a(java.security.cert.X509Certificate) -> a
    byte[] a(byte[]) -> a
com.baidu.location.b.j$a -> com.baidu.location.b.j$a:
    java.lang.String a(byte[]) -> a
com.baidu.location.b.k -> com.baidu.location.b.k:
    boolean cm -> cm
    boolean cG -> cG
    boolean bY -> bY
    int b1 -> b1
    java.lang.String bN -> bN
    java.lang.String cv -> cv
    java.lang.String b6 -> b6
    java.lang.String bU -> bU
    java.lang.String b5 -> b5
    java.lang.String bE -> bE
    java.lang.String bZ -> bZ
    java.lang.String bV -> bV
    boolean ce -> ce
    java.lang.String cf -> cf
    boolean bX -> bX
    boolean bP -> bP
    boolean ci -> ci
    boolean bS -> bS
    boolean cj -> cj
    java.lang.String cN -> cN
    boolean cl -> cl
    int b3 -> b3
    double cp -> cp
    double cE -> cE
    double bG -> bG
    double b4 -> b4
    int co -> co
    byte[] b2 -> b2
    boolean cM -> cM
    int b0 -> b0
    float cQ -> cQ
    float bW -> bW
    float ck -> ck
    float cA -> cA
    int b7 -> b7
    int cq -> cq
    int cC -> cC
    int bJ -> bJ
    int bH -> bH
    int cI -> cI
    int bQ -> bQ
    float ch -> ch
    float cg -> cg
    float cO -> cO
    float cx -> cx
    int cD -> cD
    float bL -> bL
    int cy -> cy
    float bF -> bF
    float cb -> cb
    float ca -> ca
    int b9 -> b9
    int b8 -> b8
    int cw -> cw
    boolean bR -> bR
    boolean bK -> bK
    int cB -> cB
    int cF -> cF
    int cr -> cr
    long cs -> cs
    long cJ -> cJ
    long cu -> cu
    long ct -> ct
    long cH -> cH
    long cP -> cP
    int bT -> bT
    int cL -> cL
com.baidu.location.b.l -> com.baidu.location.b.l:
    long cT -> cT
    long c3 -> c3
    long cR -> cR
    long cY -> cY
    int c4 -> c4
    java.lang.String c1 -> c1
    java.lang.String cU -> cU
    java.lang.String cS -> cS
    java.lang.String c2 -> c2
    java.lang.String cV -> cV
    java.lang.String cZ -> cZ
    java.lang.String cW -> cW
    java.lang.String c0 -> c0
    java.lang.String cX -> cX
    void aj() -> aj
    void do(long) -> do
    void if(long) -> if
    void for(long) -> for
    void int(long) -> int
    void for(boolean) -> for
    void char(java.lang.String) -> char
    void else(java.lang.String) -> else
    java.lang.String ak() -> ak
com.baidu.location.b.m -> com.baidu.location.b.m:
    boolean c9 -> c9
    int c8 -> c8
    java.lang.String dd -> dd
    int df -> df
    java.lang.String c5 -> c5
    int dg -> dg
    org.apache.http.HttpEntity c6 -> c6
    java.util.List c7 -> c7
    java.lang.String dc -> dc
    byte[] db -> db
    java.lang.String da -> da
    int de -> de
    void au() -> au
    void int(boolean) -> int
    void as() -> as
    void ap() -> ap
    void ao() -> ao
    void at() -> at
    void an() -> an
    void av() -> av
    org.apache.http.client.HttpClient if(org.apache.http.params.HttpParams) -> if
    void am() -> am
    int aq() -> aq
    int if(android.content.Context,android.net.NetworkInfo) -> if
    boolean int(android.content.Context) -> int
    void if(com.baidu.location.b.m) -> if
    java.lang.String al() -> al
    int ar() -> ar
    boolean if(com.baidu.location.b.m,boolean) -> if
com.baidu.location.b.m$a -> com.baidu.location.b.m$a:
    javax.net.ssl.SSLContext a -> a
    java.net.Socket createSocket(java.net.Socket,java.lang.String,int,boolean) -> createSocket
    java.net.Socket createSocket() -> createSocket