voiceControl_UI/proguard/usage.txt
com.dyn.voicecontrol.BuildConfig
com.dyn.voicecontrol.MyApplication:
    private static final int MSG_WRITE_ERROR
com.dyn.voicecontrol.R:
    10:10:public R()
...
com.dyn.ResideMenu.ResideMenu:
    public static final int DIRECTION_LEFT
    public static final int DIRECTION_RIGHT
    private static final int PRESSED_MOVE_HORIZANTAL
    private static final int PRESSED_DOWN
    private static final int PRESSED_DONE
    private static final int PRESSED_MOVE_VERTICAL
    private android.view.GestureDetector gestureDetector
    153:155:public void addMenuItem(com.dyn.ResideMenu.ResideMenuItem)
    223:226:public java.util.List getMenuItems(int)
    435:436:public void addIgnoredView(android.view.View)
    443:444:public void removeIgnoredView(android.view.View)
    450:451:public void clearIgnoredViewList()
com.dyn.ResideMenu.ResideMenuItem:
    30:34:public ResideMenuItem(android.content.Context,int,int)
com.dyn.ResideMenu.TouchDisableView:
    38:38:public android.view.View getContent()
    70:70:boolean isTouchDisabled()
com.dyn.activities.BaseActivity$ButtonListener
com.dyn.activities.ListAppsActivity:
    public static final java.lang.String TAG
    public static final int START
    public static final int UNINSTALL
    public static final int SEARCH
    private android.view.View moreView
com.dyn.activities.MainActivity:
    private static final int menu_delete
    private static final int menu_queryApp
    private static final int menu_setHeadImage
    private static final int menu_help
    private static final int menu_detail
    private static final int menu_share
    private static final java.lang.String USER_HEAD
    private static final java.lang.String ROBOT_HEAD
    private static final int USER_IMAGE_REQUEST_CODE
    private static final int ROBOT_IMAGE_REQUEST_CODE
    private static final int USER_RESULT_REQUEST_CODE
    private static final int ROBOT_RESULT_REQUEST_CODE
    private static final int CAMERA_REQUEST_CODE
    private static final int FILE_REQUEST_CODE
    public static final int SEARCH_TEXT
    private static final int NOTIFICATION_ID
    1169:1195:private void setAlarmToRemind(java.util.Calendar)
    1724:1732:private static int sampleSize(int,int)
    1813:1814:public static int px2dip(android.content.Context,float)
    1818:1819:public static int dip2px(android.content.Context,float)
    2223:2259:public android.graphics.Bitmap scaleImage()
com.dyn.activities.MapActivity:
    private static final java.lang.String APP_FOLDER_NAME
    private static final int DrivingRouteLine
    private static final int WalkingRouteLine
    private static final int TransitRouteLine
com.dyn.activities.QRCodeCaptureActivity:
    public static final java.lang.String ACTION_ADD_SHORTCUT
    private static final int PICK_QRCODE_REQUEST_CODE
    513:517:public void restartPreviewAfterDelay(long)
com.dyn.activities.SearchActivity:
    public static final int VOICE_RECOGNITION_REQUEST_CODE
com.dyn.activities.WeatherActivity:
    private android.widget.TextView todayDate
com.dyn.adapters.ChatMsgViewAdapter$IMsgViewType
com.dyn.adapters.ListAppsAdapter:
    129:129:public java.util.List getAppData()
com.dyn.adapters.RouteLinesAdapter:
    54:54:public int getPosition(java.lang.String)
com.dyn.adapters.ShareAdapter
com.dyn.adapters.ShareAdapter$ViewHolder
com.dyn.adapters.TransitRouteLinesAdapter:
    56:56:public int getPosition(java.lang.String)
com.dyn.beans.BusLineInfo
com.dyn.beans.ChatMsgEntity:
    25:25:public java.lang.String getName()
    60:66:public ChatMsgEntity(java.lang.String,java.lang.String,java.lang.String,boolean,android.graphics.drawable.Drawable)
com.dyn.beans.NavigationInfo:
    private com.baidu.navisdk.adapter.BNRoutePlanNode$CoordinateType coType
    53:53:public com.baidu.navisdk.adapter.BNRoutePlanNode$CoordinateType getCoType()
    56:57:public void setCoType(com.baidu.navisdk.adapter.BNRoutePlanNode$CoordinateType)